<?xml version="1.0" encoding="UTF-8"?>
<!-- Generated by org.testng.reporters.JUnitReportReporter -->
<testsuite hostname="HarishGajjela" failures="0" tests="10" name="tests.wduTest" time="130.674" errors="0" timestamp="2023-06-19T11:08:46 IST" skipped="0">
  <testcase classname="tests.wduTest" name="verifyAjaxLoaderPopUpTest" time="15.547"/>
  <system-out/>
  <testcase classname="tests.wduTest" name="verifyAjaxLoaderPopUpTest" time="12.387"/>
  <system-out/>
  <testcase classname="tests.wduTest" name="verifyAjaxLoaderPopUpTest" time="12.628"/>
  <system-out/>
  <testcase classname="tests.wduTest" name="verifyAjaxLoaderPopUpTest" time="12.872"/>
  <system-out/>
  <testcase classname="tests.wduTest" name="verifyAjaxLoaderPopUpTest" time="12.912"/>
  <system-out/>
  <testcase classname="tests.wduTest" name="verifyAjaxLoaderPopUpTest" time="12.688"/>
  <system-out/>
  <testcase classname="tests.wduTest" name="verifyAjaxLoaderPopUpTest" time="12.817"/>
  <system-out/>
  <testcase classname="tests.wduTest" name="verifyAjaxLoaderPopUpTest" time="12.868"/>
  <system-out/>
  <testcase classname="tests.wduTest" name="verifyAjaxLoaderPopUpTest" time="13.107"/>
  <system-out/>
  <testcase classname="tests.wduTest" name="verifyAjaxLoaderPopUpTest" time="12.848"/>
  <system-out/>
</testsuite> <!-- tests.wduTest -->
