<?xml version="1.0" encoding="UTF-8"?>
<!-- Generated by org.testng.reporters.JUnitReportReporter -->
<testsuite hostname="HarishGajjela" failures="0" tests="1" name="tests.swagLabsTest" time="6.383" errors="0" timestamp="2023-07-08T00:21:39 IST" skipped="0">
  <testcase classname="tests.swagLabsTest" name="verifySauceDemo_ThankYouOrderTest" time="6.383"/>
  <system-out/>
</testsuite> <!-- tests.swagLabsTest -->
